<?xml version="1.0" encoding="UTF-8"?>
<!-- Generated by org.testng.reporters.JUnitXMLReporter -->
<testsuite ignored="0" hostname="LAPTOP-2LL6TAB5" failures="1" tests="6" name="Final Project" time="119.725" errors="0" timestamp="2022-11-11T09:38:22 IST">
  <testcase classname="ShoppingCartFinalProject" name="TestShopping" time="34.414"/>
  <testcase classname="ShoppingCartFinalProject" name="TestShopping" time="37.379"/>
  <testcase classname="ShoppingCartFinalProject" name="TestShopping" time="37.755"/>
  <testcase classname="ShoppingCartFinalProject" name="NumberItemsInCart" time="0.004"/>
  <testcase classname="ShoppingCartFinalProject" name="getResult" time="0.008"/>
  <testcase classname="ShoppingCartFinalProject" name="fillCheckOutForm" time="10.051">
    <failure type="java.lang.IndexOutOfBoundsException" message="Index 1 out of bounds for length 0">
      <![CDATA[java.lang.IndexOutOfBoundsException: Index 1 out of bounds for length 0
at java.base/jdk.internal.util.Preconditions.outOfBounds(Preconditions.java:64)
at java.base/jdk.internal.util.Preconditions.outOfBoundsCheckIndex(Preconditions.java:70)
at java.base/jdk.internal.util.Preconditions.checkIndex(Preconditions.java:266)
at java.base/java.util.Objects.checkIndex(Objects.java:359)
at java.base/java.util.ArrayList.get(ArrayList.java:427)
at pages.CheckOutPage.fillCheckOutForm(CheckOutPage.java:17)
at ShoppingCartFinalProject.fillCheckOutForm(ShoppingCartFinalProject.java:86)
at java.base/java.util.ArrayList.forEach(ArrayList.java:1511)
... Removed 27 stack frames]]>
    </failure>
  </testcase> <!-- fillCheckOutForm -->
</testsuite> <!-- Final Project -->
