<?xml version="1.0" encoding="UTF-8"?>
<!-- Generated by org.testng.reporters.JUnitXMLReporter -->
<testsuite ignored="0" hostname="LAPTOP-2LL6TAB5" failures="0" tests="6" name="Default test" time="113.099" errors="0" timestamp="2022-11-12T21:41:15 IST">
  <testcase classname="ShoppingCartFinalProject" name="TestShopping" time="23.327"/>
  <testcase classname="ShoppingCartFinalProject" name="TestShopping" time="29.587"/>
  <testcase classname="ShoppingCartFinalProject" name="TestShopping" time="30.275"/>
  <testcase classname="ShoppingCartFinalProject" name="NumberItemsInCart" time="0.008"/>
  <testcase classname="ShoppingCartFinalProject" name="getResult" time="0.021"/>
  <testcase classname="ShoppingCartFinalProject" name="fillShippingFormTest" time="29.53"/>
</testsuite> <!-- Default test -->
