<?xml version="1.0" encoding="UTF-8"?>
<!-- Generated by org.testng.reporters.JUnitXMLReporter -->
<testsuite ignored="0" hostname="LAPTOP-2LL6TAB5" failures="0" tests="3" name="Default test" time="67.378" errors="0" timestamp="2022-11-09T00:55:55 IST">
  <testcase classname="RemoveFromCart" name="TestShopping" time="33.707"/>
  <testcase classname="RemoveFromCart" name="RemoveItemFromCartTest" time="33.487"/>
  <testcase classname="RemoveFromCart" name="getResult" time="0.013"/>
</testsuite> <!-- Default test -->
