<?xml version="1.0" encoding="UTF-8"?>
<!-- Generated by org.testng.reporters.JUnitXMLReporter -->
<testsuite ignored="0" hostname="LAPTOP-2LL6TAB5" failures="3" tests="6" name="Website buying item functionality" time="9.197" errors="0" timestamp="2022-11-11T09:40:53 IST">
  <testcase classname="ShoppingCartFinalProject" name="TestShopping" time="3.053">
    <failure type="java.lang.NullPointerException" message="Cannot invoke &amp;quot;org.openqa.selenium.WebDriver.findElement(org.openqa.selenium.By)&amp;quot; because &amp;quot;this.driver&amp;quot; is null">
      <![CDATA[java.lang.NullPointerException: Cannot invoke "org.openqa.selenium.WebDriver.findElement(org.openqa.selenium.By)" because "this.driver" is null
at pages.PageActions.setSearchBoxValue(PageActions.java:42)
at ShoppingCartFinalProject.TestShopping(ShoppingCartFinalProject.java:40)
at java.base/java.util.ArrayList.forEach(ArrayList.java:1511)
... Removed 27 stack frames]]>
    </failure>
  </testcase> <!-- TestShopping -->
  <testcase classname="ShoppingCartFinalProject" name="TestShopping" time="3.017">
    <failure type="java.lang.NullPointerException" message="Cannot invoke &amp;quot;org.openqa.selenium.WebDriver.findElement(org.openqa.selenium.By)&amp;quot; because &amp;quot;this.driver&amp;quot; is null">
      <![CDATA[java.lang.NullPointerException: Cannot invoke "org.openqa.selenium.WebDriver.findElement(org.openqa.selenium.By)" because "this.driver" is null
at pages.PageActions.setSearchBoxValue(PageActions.java:42)
at ShoppingCartFinalProject.TestShopping(ShoppingCartFinalProject.java:40)
at java.base/java.util.ArrayList.forEach(ArrayList.java:1511)
... Removed 27 stack frames]]>
    </failure>
  </testcase> <!-- TestShopping -->
  <testcase classname="ShoppingCartFinalProject" name="TestShopping" time="3.01">
    <failure type="java.lang.NullPointerException" message="Cannot invoke &amp;quot;org.openqa.selenium.WebDriver.findElement(org.openqa.selenium.By)&amp;quot; because &amp;quot;this.driver&amp;quot; is null">
      <![CDATA[java.lang.NullPointerException: Cannot invoke "org.openqa.selenium.WebDriver.findElement(org.openqa.selenium.By)" because "this.driver" is null
at pages.PageActions.setSearchBoxValue(PageActions.java:42)
at ShoppingCartFinalProject.TestShopping(ShoppingCartFinalProject.java:40)
at java.base/java.util.ArrayList.forEach(ArrayList.java:1511)
... Removed 27 stack frames]]>
    </failure>
  </testcase> <!-- TestShopping -->
  <testcase classname="ShoppingCartFinalProject" name="NumberItemsInCart" time="0.0">
    <skipped/>
  </testcase> <!-- NumberItemsInCart -->
  <testcase classname="ShoppingCartFinalProject" name="getResult" time="0.0">
    <skipped/>
  </testcase> <!-- getResult -->
  <testcase classname="ShoppingCartFinalProject" name="fillCheckOutForm" time="0.0">
    <skipped/>
  </testcase> <!-- fillCheckOutForm -->
</testsuite> <!-- Website buying item functionality -->
