<?xml version="1.0" encoding="UTF-8"?>
<testng-results ignored="0" total="1" passed="1" failed="0" skipped="0">
  <reporter-output>
  </reporter-output>
  <suite started-at="2022-11-11T23:39:32 IST" name="Default suite" finished-at="2022-11-11T23:39:58 IST" duration-ms="26150">
    <groups>
    </groups>
    <test started-at="2022-11-11T23:39:32 IST" name="Default test" finished-at="2022-11-11T23:39:58 IST" duration-ms="26150">
      <class name="ReviewTest">
        <test-method is-config="true" signature="beforeSuite()[pri:0, instance:ReviewTest@768fc0f2]" started-at="2022-11-11T23:39:29 IST" name="beforeSuite" finished-at="2022-11-11T23:39:32 IST" duration-ms="3079" status="PASS">
          <reporter-output>
          </reporter-output>
        </test-method> <!-- beforeSuite -->
        <test-method signature="TestShopping()[pri:0, instance:ReviewTest@768fc0f2]" started-at="2022-11-11T23:39:32 IST" name="TestShopping" finished-at="2022-11-11T23:39:58 IST" duration-ms="25910" status="PASS">
          <reporter-output>
          </reporter-output>
        </test-method> <!-- TestShopping -->
      </class> <!-- ReviewTest -->
    </test> <!-- Default test -->
  </suite> <!-- Default suite -->
</testng-results>
