<?xml version="1.0" encoding="UTF-8"?>
<testng-results ignored="0" total="6" passed="6" failed="0" skipped="0">
  <reporter-output>
  </reporter-output>
  <suite started-at="2022-11-12T21:39:22 IST" name="Default suite" finished-at="2022-11-12T21:41:15 IST" duration-ms="113099">
    <groups>
    </groups>
    <test started-at="2022-11-12T21:39:22 IST" name="Default test" finished-at="2022-11-12T21:41:15 IST" duration-ms="113099">
      <class name="ShoppingCartFinalProject">
        <test-method is-config="true" signature="beforeSuite()[pri:0, instance:ShoppingCartFinalProject@60410cd]" started-at="2022-11-12T21:39:09 IST" name="beforeSuite" finished-at="2022-11-12T21:39:22 IST" duration-ms="12968" status="PASS">
          <reporter-output>
          </reporter-output>
        </test-method> <!-- beforeSuite -->
        <test-method signature="TestShopping(java.lang.String)[pri:0, instance:ShoppingCartFinalProject@60410cd]" started-at="2022-11-12T21:39:22 IST" name="TestShopping" data-provider="SearchItems" finished-at="2022-11-12T21:39:45 IST" duration-ms="23327" status="PASS">
          <params>
            <param index="0">
              <value>
                <![CDATA[bag]]>
              </value>
            </param>
          </params>
          <reporter-output>
          </reporter-output>
        </test-method> <!-- TestShopping -->
        <test-method signature="TestShopping(java.lang.String)[pri:0, instance:ShoppingCartFinalProject@60410cd]" started-at="2022-11-12T21:39:45 IST" name="TestShopping" data-provider="SearchItems" finished-at="2022-11-12T21:40:15 IST" duration-ms="29587" status="PASS">
          <params>
            <param index="0">
              <value>
                <![CDATA[t-shirt]]>
              </value>
            </param>
          </params>
          <reporter-output>
          </reporter-output>
        </test-method> <!-- TestShopping -->
        <test-method signature="TestShopping(java.lang.String)[pri:0, instance:ShoppingCartFinalProject@60410cd]" started-at="2022-11-12T21:40:15 IST" name="TestShopping" data-provider="SearchItems" finished-at="2022-11-12T21:40:45 IST" duration-ms="30275" status="PASS">
          <params>
            <param index="0">
              <value>
                <![CDATA[Long-Sleeve]]>
              </value>
            </param>
          </params>
          <reporter-output>
          </reporter-output>
        </test-method> <!-- TestShopping -->
        <test-method signature="NumberItemsInCart()[pri:0, instance:ShoppingCartFinalProject@60410cd]" started-at="2022-11-12T21:40:45 IST" name="NumberItemsInCart" finished-at="2022-11-12T21:40:45 IST" depends-on-methods="ShoppingCartFinalProject.TestShopping" duration-ms="8" status="PASS">
          <reporter-output>
          </reporter-output>
        </test-method> <!-- NumberItemsInCart -->
        <test-method signature="getResult()[pri:0, instance:ShoppingCartFinalProject@60410cd]" started-at="2022-11-12T21:40:45 IST" name="getResult" finished-at="2022-11-12T21:40:45 IST" depends-on-methods="ShoppingCartFinalProject.NumberItemsInCart" duration-ms="21" status="PASS">
          <reporter-output>
          </reporter-output>
        </test-method> <!-- getResult -->
        <test-method signature="fillShippingFormTest()[pri:0, instance:ShoppingCartFinalProject@60410cd]" started-at="2022-11-12T21:40:45 IST" name="fillShippingFormTest" finished-at="2022-11-12T21:41:15 IST" depends-on-methods="ShoppingCartFinalProject.getResult" duration-ms="29530" status="PASS">
          <reporter-output>
          </reporter-output>
        </test-method> <!-- fillShippingFormTest -->
        <test-method is-config="true" signature="allureResults()[pri:0, instance:ShoppingCartFinalProject@60410cd]" started-at="2022-11-12T21:41:15 IST" name="allureResults" finished-at="2022-11-12T21:41:15 IST" duration-ms="6" status="PASS">
          <reporter-output>
          </reporter-output>
        </test-method> <!-- allureResults -->
      </class> <!-- ShoppingCartFinalProject -->
    </test> <!-- Default test -->
  </suite> <!-- Default suite -->
</testng-results>
